2016-06-23T03:55:06.248Z - error: 
2016-06-23T03:55:06.264Z - error: 
2016-06-23T04:12:45.402Z - error: 
2016-06-23T04:12:45.402Z - error: 
2016-06-23T08:49:05.411Z - debug: api_key=dc6zaTOxFJmzC&rating=r&format=json&limit=1&q=Alex+is+retard
2016-06-23T08:49:05.411Z - debug: api_key=dc6zaTOxFJmzC&rating=r&format=json&limit=1&q=Alex+is+retard
2016-06-23T08:49:05.617Z - debug: { '0': null,
  '1': 
   IncomingMessage {
     _readableState: 
      ReadableState {
        objectMode: false,
        highWaterMark: 16384,
        buffer: [],
        length: 0,
        pipes: null,
        pipesCount: 0,
        flowing: true,
        ended: true,
        endEmitted: true,
        reading: false,
        sync: true,
        needReadable: false,
        emittedReadable: false,
        readableListening: false,
        resumeScheduled: false,
        defaultEncoding: 'utf8',
        ranOut: false,
        awaitDrain: 0,
        readingMore: false,
        decoder: null,
        encoding: null },
     readable: false,
     domain: null,
     _events: 
      { end: [Object],
        close: [Object],
        data: [Function],
        error: [Function] },
     _eventsCount: 4,
     _maxListeners: undefined,
     socket: 
      Socket {
        _connecting: false,
        _hadError: false,
        _handle: null,
        _parent: null,
        _host: 'api.giphy.com',
        _readableState: [Object],
        readable: false,
        domain: null,
        _events: [Object],
        _eventsCount: 8,
        _maxListeners: 0,
        _writableState: [Object],
        writable: false,
        allowHalfOpen: false,
        destroyed: true,
        bytesRead: 4572,
        _bytesDispatched: 140,
        _sockname: null,
        _pendingData: null,
        _pendingEncoding: '',
        server: null,
        _server: null,
        parser: null,
        _httpMessage: [Object],
        read: [Function],
        _consuming: true,
        _idleNext: null,
        _idlePrev: null,
        _idleTimeout: -1 },
     connection: 
      Socket {
        _connecting: false,
        _hadError: false,
        _handle: null,
        _parent: null,
        _host: 'api.giphy.com',
        _readableState: [Object],
        readable: false,
        domain: null,
        _events: [Object],
        _eventsCount: 8,
        _maxListeners: 0,
        _writableState: [Object],
        writable: false,
        allowHalfOpen: false,
        destroyed: true,
        bytesRead: 4572,
        _bytesDispatched: 140,
        _sockname: null,
        _pendingData: null,
        _pendingEncoding: '',
        server: null,
        _server: null,
        parser: null,
        _httpMessage: [Object],
        read: [Function],
        _consuming: true,
        _idleNext: null,
        _idlePrev: null,
        _idleTimeout: -1 },
     httpVersionMajor: 1,
     httpVersionMinor: 1,
     httpVersion: '1.1',
     complete: true,
     headers: 
      { date: 'Thu, 23 Jun 2016 08:49:05 GMT',
        'content-type': 'application/json',
        'transfer-encoding': 'chunked',
        connection: 'close',
        'set-cookie': [Object],
        'access-control-allow-credentials': 'true',
        'access-control-allow-headers': 'Content-Type, Accept, x-requested-with, cache-control',
        'access-control-allow-methods': 'GET, POST, PUT, DELETE, OPTIONS',
        'access-control-allow-origin': '*',
        vary: 'Accept-Encoding',
        'x-robots-tag': 'noindex',
        'cf-cache-status': 'MISS',
        expires: 'Thu, 23 Jun 2016 08:49:35 GMT',
        'cache-control': 'public, max-age=30',
        server: 'cloudflare-nginx',
        'cf-ray': '2b76af4921a62591-ORD' },
     rawHeaders: 
      [ 'Date',
        'Thu, 23 Jun 2016 08:49:05 GMT',
        'Content-Type',
        'application/json',
        'Transfer-Encoding',
        'chunked',
        'Connection',
        'close',
        'Set-Cookie',
        '__cfduid=da24321076c3ab682b91896396ad88e011466671745; expires=Fri, 23-Jun-17 08:49:05 GMT; path=/; domain=.giphy.com; HttpOnly',
        'Access-Control-Allow-Credentials',
        'true',
        'Access-Control-Allow-Headers',
        'Content-Type, Accept, x-requested-with, cache-control',
        'Access-Control-Allow-Methods',
        'GET, POST, PUT, DELETE, OPTIONS',
        'Access-Control-Allow-Origin',
        '*',
        'Vary',
        'Accept-Encoding',
        'X-Robots-Tag',
        'noindex',
        'CF-Cache-Status',
        'MISS',
        'Expires',
        'Thu, 23 Jun 2016 08:49:35 GMT',
        'Cache-Control',
        'public, max-age=30',
        'Server',
        'cloudflare-nginx',
        'CF-RAY',
        '2b76af4921a62591-ORD' ],
     trailers: {},
     rawTrailers: [],
     upgrade: false,
     url: '',
     method: null,
     statusCode: 200,
     statusMessage: 'OK',
     client: 
      Socket {
        _connecting: false,
        _hadError: false,
        _handle: null,
        _parent: null,
        _host: 'api.giphy.com',
        _readableState: [Object],
        readable: false,
        domain: null,
        _events: [Object],
        _eventsCount: 8,
        _maxListeners: 0,
        _writableState: [Object],
        writable: false,
        allowHalfOpen: false,
        destroyed: true,
        bytesRead: 4572,
        _bytesDispatched: 140,
        _sockname: null,
        _pendingData: null,
        _pendingEncoding: '',
        server: null,
        _server: null,
        parser: null,
        _httpMessage: [Object],
        read: [Function],
        _consuming: true,
        _idleNext: null,
        _idlePrev: null,
        _idleTimeout: -1 },
     _consuming: true,
     _dumped: false,
     req: 
      ClientRequest {
        domain: null,
        _events: [Object],
        _eventsCount: 4,
        _maxListeners: undefined,
        output: [],
        outputEncodings: [],
        outputCallbacks: [],
        outputSize: 0,
        writable: true,
        _last: true,
        chunkedEncoding: false,
        shouldKeepAlive: false,
        useChunkedEncodingByDefault: false,
        sendDate: false,
        _removedHeader: {},
        _contentLength: 0,
        _hasBody: true,
        _trailer: '',
        finished: true,
        _headerSent: true,
        socket: [Object],
        connection: [Object],
        _header: 'GET /v1/gifs/search?api_key=dc6zaTOxFJmzC&rating=r&format=json&limit=1&q=Alex+is+retard HTTP/1.1\r\nhost: api.giphy.com\r\nConnection: close\r\n\r\n',
        _headers: [Object],
        _headerNames: [Object],
        _onPendingData: null,
        agent: [Object],
        socketPath: undefined,
        method: 'GET',
        path: '/v1/gifs/search?api_key=dc6zaTOxFJmzC&rating=r&format=json&limit=1&q=Alex+is+retard',
        parser: null,
        res: [Circular] },
     request: 
      Request {
        domain: null,
        _events: [Object],
        _eventsCount: 5,
        _maxListeners: undefined,
        uri: [Object],
        callback: [Function],
        readable: true,
        writable: true,
        _qs: [Object],
        _auth: [Object],
        _oauth: [Object],
        _multipart: [Object],
        _redirect: [Object],
        _tunnel: [Object],
        headers: {},
        setHeader: [Function],
        hasHeader: [Function],
        getHeader: [Function],
        removeHeader: [Function],
        method: 'GET',
        localAddress: undefined,
        pool: {},
        dests: [],
        __isRequestRequest: true,
        _callback: [Function: bound ],
        proxy: null,
        tunnel: false,
        setHost: true,
        originalCookieHeader: undefined,
        _disableCookies: true,
        _jar: undefined,
        port: 80,
        host: 'api.giphy.com',
        path: '/v1/gifs/search?api_key=dc6zaTOxFJmzC&rating=r&format=json&limit=1&q=Alex+is+retard',
        httpModule: [Object],
        agentClass: [Object],
        agent: [Object],
        _started: true,
        href: 'http://api.giphy.com/v1/gifs/search?api_key=dc6zaTOxFJmzC&rating=r&format=json&limit=1&q=Alex+is+retard',
        req: [Object],
        ntick: true,
        response: [Circular],
        originalHost: 'api.giphy.com',
        originalHostHeaderName: 'host',
        responseContent: [Circular],
        _destdata: true,
        _ended: true,
        _callbackCalled: true },
     toJSON: [Function: responseToJSON],
     caseless: Caseless { dict: [Object] },
     read: [Function],
     body: '{"data":[{"type":"gif","id":"AY7Px9Jf0B2OA","slug":"retards-AY7Px9Jf0B2OA","url":"http:\\/\\/giphy.com\\/gifs\\/retards-AY7Px9Jf0B2OA","bitly_gif_url":"http:\\/\\/gph.is\\/19RtdBL","bitly_url":"http:\\/\\/gph.is\\/19RtdBL","embed_url":"http:\\/\\/giphy.com\\/embed\\/AY7Px9Jf0B2OA","username":"","source":"http:\\/\\/www.gifbay.com\\/gif\\/more_infomercial_retards-9358\\/","rating":"g","content_url":"","source_tld":"www.gifbay.com","source_post_url":"http:\\/\\/www.gifbay.com\\/gif\\/more_infomercial_retards-9358\\/","import_datetime":"2013-10-14 07:04:41","trending_datetime":"1970-01-01 00:00:00","images":{"fixed_height":{"url":"http:\\/\\/media2.giphy.com\\/media\\/AY7Px9Jf0B2OA\\/200.gif","width":"300","height":"200","size":"285470","mp4":"http:\\/\\/media2.giphy.com\\/media\\/AY7Px9Jf0B2OA\\/200.mp4","mp4_size":"56736","webp":"http:\\/\\/media2.giphy.com\\/media\\/AY7Px9Jf0B2OA\\/200.webp","webp_size":"574528"},"fixed_height_still":{"url":"http:\\/\\/media2.giphy.com\\/media\\/AY7Px9Jf0B2OA\\/200_s.gif","width":"300","height":"200"},"fixed_height_downsampled":{"url":"http:\\/\\/media2.giphy.com\\/media\\/AY7Px9Jf0B2OA\\/200_d.gif","width":"300","height":"200","size":"254318","webp":"http:\\/\\/media2.giphy.com\\/media\\/AY7Px9Jf0B2OA\\/200_d.webp","webp_size":"63572"},"fixed_width":{"url":"http:\\/\\/media2.giphy.com\\/media\\/AY7Px9Jf0B2OA\\/200w.gif","width":"200","height":"133","size":"159014","mp4":"http:\\/\\/media2.giphy.com\\/media\\/AY7Px9Jf0B2OA\\/200w.mp4","mp4_size":"59670","webp":"http:\\/\\/media2.giphy.com\\/media\\/AY7Px9Jf0B2OA\\/200w.webp","webp_size":"303050"},"fixed_width_still":{"url":"http:\\/\\/media2.giphy.com\\/media\\/AY7Px9Jf0B2OA\\/200w_s.gif","width":"200","height":"133"},"fixed_width_downsampled":{"url":"http:\\/\\/media2.giphy.com\\/media\\/AY7Px9Jf0B2OA\\/200w_d.gif","width":"200","height":"133","size":"103894","webp":"http:\\/\\/media2.giphy.com\\/media\\/AY7Px9Jf0B2OA\\/200w_d.webp","webp_size":"34992"},"fixed_height_small":{"url":"http:\\/\\/media2.giphy.com\\/media\\/AY7Px9Jf0B2OA\\/100.gif","width":"150","height":"100","size":"285470","mp4":"http:\\/\\/media2.giphy.com\\/media\\/AY7Px9Jf0B2OA\\/100.mp4","mp4_size":"142897","webp":"http:\\/\\/media2.giphy.com\\/media\\/AY7Px9Jf0B2OA\\/100.webp","webp_size":"143978"},"fixed_height_small_still":{"url":"http:\\/\\/media2.giphy.com\\/media\\/AY7Px9Jf0B2OA\\/100_s.gif","width":"150","height":"100"},"fixed_width_small":{"url":"http:\\/\\/media2.giphy.com\\/media\\/AY7Px9Jf0B2OA\\/100w.gif","width":"100","height":"67","size":"159014","mp4":"http:\\/\\/media2.giphy.com\\/media\\/AY7Px9Jf0B2OA\\/100w.mp4","mp4_size":"83507","webp":"http:\\/\\/media2.giphy.com\\/media\\/AY7Px9Jf0B2OA\\/100w.webp","webp_size":"81420"},"fixed_width_small_still":{"url":"http:\\/\\/media2.giphy.com\\/media\\/AY7Px9Jf0B2OA\\/100w_s.gif","width":"100","height":"67"},"downsized":{"url":"http:\\/\\/media2.giphy.com\\/media\\/AY7Px9Jf0B2OA\\/giphy.gif","width":"300","height":"200","size":"445761"},"downsized_still":{"url":"http:\\/\\/media2.giphy.com\\/media\\/AY7Px9Jf0B2OA\\/giphy_s.gif","width":"300","height":"200"},"downsized_large":{"url":"http:\\/\\/media2.giphy.com\\/media\\/AY7Px9Jf0B2OA\\/giphy.gif","width":"300","height":"200","size":"445761"},"downsized_medium":{"url":"http:\\/\\/media2.giphy.com\\/media\\/AY7Px9Jf0B2OA\\/giphy.gif","width":"300","height":"200","size":"445761"},"original":{"url":"http:\\/\\/media2.giphy.com\\/media\\/AY7Px9Jf0B2OA\\/giphy.gif","width":"300","height":"200","size":"445761","frames":"52","mp4":"http:\\/\\/media2.giphy.com\\/media\\/AY7Px9Jf0B2OA\\/giphy.mp4","mp4_size":"186587","webp":"http:\\/\\/media2.giphy.com\\/media\\/AY7Px9Jf0B2OA\\/giphy.webp","webp_size":"388962"},"original_still":{"url":"http:\\/\\/media2.giphy.com\\/media\\/AY7Px9Jf0B2OA\\/giphy_s.gif","width":"300","height":"200"},"looping":{"mp4":"http:\\/\\/media.giphy.com\\/media\\/AY7Px9Jf0B2OA\\/giphy-loop.mp4"}}}],"meta":{"status":200,"msg":"OK"},"pagination":{"total_count":10584,"count":1,"offset":0}}' },
  '2': '{"data":[{"type":"gif","id":"AY7Px9Jf0B2OA","slug":"retards-AY7Px9Jf0B2OA","url":"http:\\/\\/giphy.com\\/gifs\\/retards-AY7Px9Jf0B2OA","bitly_gif_url":"http:\\/\\/gph.is\\/19RtdBL","bitly_url":"http:\\/\\/gph.is\\/19RtdBL","embed_url":"http:\\/\\/giphy.com\\/embed\\/AY7Px9Jf0B2OA","username":"","source":"http:\\/\\/www.gifbay.com\\/gif\\/more_infomercial_retards-9358\\/","rating":"g","content_url":"","source_tld":"www.gifbay.com","source_post_url":"http:\\/\\/www.gifbay.com\\/gif\\/more_infomercial_retards-9358\\/","import_datetime":"2013-10-14 07:04:41","trending_datetime":"1970-01-01 00:00:00","images":{"fixed_height":{"url":"http:\\/\\/media2.giphy.com\\/media\\/AY7Px9Jf0B2OA\\/200.gif","width":"300","height":"200","size":"285470","mp4":"http:\\/\\/media2.giphy.com\\/media\\/AY7Px9Jf0B2OA\\/200.mp4","mp4_size":"56736","webp":"http:\\/\\/media2.giphy.com\\/media\\/AY7Px9Jf0B2OA\\/200.webp","webp_size":"574528"},"fixed_height_still":{"url":"http:\\/\\/media2.giphy.com\\/media\\/AY7Px9Jf0B2OA\\/200_s.gif","width":"300","height":"200"},"fixed_height_downsampled":{"url":"http:\\/\\/media2.giphy.com\\/media\\/AY7Px9Jf0B2OA\\/200_d.gif","width":"300","height":"200","size":"254318","webp":"http:\\/\\/media2.giphy.com\\/media\\/AY7Px9Jf0B2OA\\/200_d.webp","webp_size":"63572"},"fixed_width":{"url":"http:\\/\\/media2.giphy.com\\/media\\/AY7Px9Jf0B2OA\\/200w.gif","width":"200","height":"133","size":"159014","mp4":"http:\\/\\/media2.giphy.com\\/media\\/AY7Px9Jf0B2OA\\/200w.mp4","mp4_size":"59670","webp":"http:\\/\\/media2.giphy.com\\/media\\/AY7Px9Jf0B2OA\\/200w.webp","webp_size":"303050"},"fixed_width_still":{"url":"http:\\/\\/media2.giphy.com\\/media\\/AY7Px9Jf0B2OA\\/200w_s.gif","width":"200","height":"133"},"fixed_width_downsampled":{"url":"http:\\/\\/media2.giphy.com\\/media\\/AY7Px9Jf0B2OA\\/200w_d.gif","width":"200","height":"133","size":"103894","webp":"http:\\/\\/media2.giphy.com\\/media\\/AY7Px9Jf0B2OA\\/200w_d.webp","webp_size":"34992"},"fixed_height_small":{"url":"http:\\/\\/media2.giphy.com\\/media\\/AY7Px9Jf0B2OA\\/100.gif","width":"150","height":"100","size":"285470","mp4":"http:\\/\\/media2.giphy.com\\/media\\/AY7Px9Jf0B2OA\\/100.mp4","mp4_size":"142897","webp":"http:\\/\\/media2.giphy.com\\/media\\/AY7Px9Jf0B2OA\\/100.webp","webp_size":"143978"},"fixed_height_small_still":{"url":"http:\\/\\/media2.giphy.com\\/media\\/AY7Px9Jf0B2OA\\/100_s.gif","width":"150","height":"100"},"fixed_width_small":{"url":"http:\\/\\/media2.giphy.com\\/media\\/AY7Px9Jf0B2OA\\/100w.gif","width":"100","height":"67","size":"159014","mp4":"http:\\/\\/media2.giphy.com\\/media\\/AY7Px9Jf0B2OA\\/100w.mp4","mp4_size":"83507","webp":"http:\\/\\/media2.giphy.com\\/media\\/AY7Px9Jf0B2OA\\/100w.webp","webp_size":"81420"},"fixed_width_small_still":{"url":"http:\\/\\/media2.giphy.com\\/media\\/AY7Px9Jf0B2OA\\/100w_s.gif","width":"100","height":"67"},"downsized":{"url":"http:\\/\\/media2.giphy.com\\/media\\/AY7Px9Jf0B2OA\\/giphy.gif","width":"300","height":"200","size":"445761"},"downsized_still":{"url":"http:\\/\\/media2.giphy.com\\/media\\/AY7Px9Jf0B2OA\\/giphy_s.gif","width":"300","height":"200"},"downsized_large":{"url":"http:\\/\\/media2.giphy.com\\/media\\/AY7Px9Jf0B2OA\\/giphy.gif","width":"300","height":"200","size":"445761"},"downsized_medium":{"url":"http:\\/\\/media2.giphy.com\\/media\\/AY7Px9Jf0B2OA\\/giphy.gif","width":"300","height":"200","size":"445761"},"original":{"url":"http:\\/\\/media2.giphy.com\\/media\\/AY7Px9Jf0B2OA\\/giphy.gif","width":"300","height":"200","size":"445761","frames":"52","mp4":"http:\\/\\/media2.giphy.com\\/media\\/AY7Px9Jf0B2OA\\/giphy.mp4","mp4_size":"186587","webp":"http:\\/\\/media2.giphy.com\\/media\\/AY7Px9Jf0B2OA\\/giphy.webp","webp_size":"388962"},"original_still":{"url":"http:\\/\\/media2.giphy.com\\/media\\/AY7Px9Jf0B2OA\\/giphy_s.gif","width":"300","height":"200"},"looping":{"mp4":"http:\\/\\/media.giphy.com\\/media\\/AY7Px9Jf0B2OA\\/giphy-loop.mp4"}}}],"meta":{"status":200,"msg":"OK"},"pagination":{"total_count":10584,"count":1,"offset":0}}' }
2016-06-23T08:49:05.618Z - debug:  type=gif, id=AY7Px9Jf0B2OA, slug=retards-AY7Px9Jf0B2OA, url=http://giphy.com/gifs/retards-AY7Px9Jf0B2OA, bitly_gif_url=http://gph.is/19RtdBL, bitly_url=http://gph.is/19RtdBL, embed_url=http://giphy.com/embed/AY7Px9Jf0B2OA, username=, source=http://www.gifbay.com/gif/more_infomercial_retards-9358/, rating=g, content_url=, source_tld=www.gifbay.com, source_post_url=http://www.gifbay.com/gif/more_infomercial_retards-9358/, import_datetime=2013-10-14 07:04:41, trending_datetime=1970-01-01 00:00:00, url=http://media2.giphy.com/media/AY7Px9Jf0B2OA/200.gif, width=300, height=200, size=285470, mp4=http://media2.giphy.com/media/AY7Px9Jf0B2OA/200.mp4, mp4_size=56736, webp=http://media2.giphy.com/media/AY7Px9Jf0B2OA/200.webp, webp_size=574528, url=http://media2.giphy.com/media/AY7Px9Jf0B2OA/200_s.gif, width=300, height=200, url=http://media2.giphy.com/media/AY7Px9Jf0B2OA/200_d.gif, width=300, height=200, size=254318, webp=http://media2.giphy.com/media/AY7Px9Jf0B2OA/200_d.webp, webp_size=63572, url=http://media2.giphy.com/media/AY7Px9Jf0B2OA/200w.gif, width=200, height=133, size=159014, mp4=http://media2.giphy.com/media/AY7Px9Jf0B2OA/200w.mp4, mp4_size=59670, webp=http://media2.giphy.com/media/AY7Px9Jf0B2OA/200w.webp, webp_size=303050, url=http://media2.giphy.com/media/AY7Px9Jf0B2OA/200w_s.gif, width=200, height=133, url=http://media2.giphy.com/media/AY7Px9Jf0B2OA/200w_d.gif, width=200, height=133, size=103894, webp=http://media2.giphy.com/media/AY7Px9Jf0B2OA/200w_d.webp, webp_size=34992, url=http://media2.giphy.com/media/AY7Px9Jf0B2OA/100.gif, width=150, height=100, size=285470, mp4=http://media2.giphy.com/media/AY7Px9Jf0B2OA/100.mp4, mp4_size=142897, webp=http://media2.giphy.com/media/AY7Px9Jf0B2OA/100.webp, webp_size=143978, url=http://media2.giphy.com/media/AY7Px9Jf0B2OA/100_s.gif, width=150, height=100, url=http://media2.giphy.com/media/AY7Px9Jf0B2OA/100w.gif, width=100, height=67, size=159014, mp4=http://media2.giphy.com/media/AY7Px9Jf0B2OA/100w.mp4, mp4_size=83507, webp=http://media2.giphy.com/media/AY7Px9Jf0B2OA/100w.webp, webp_size=81420, url=http://media2.giphy.com/media/AY7Px9Jf0B2OA/100w_s.gif, width=100, height=67, url=http://media2.giphy.com/media/AY7Px9Jf0B2OA/giphy.gif, width=300, height=200, size=445761, url=http://media2.giphy.com/media/AY7Px9Jf0B2OA/giphy_s.gif, width=300, height=200, url=http://media2.giphy.com/media/AY7Px9Jf0B2OA/giphy.gif, width=300, height=200, size=445761, url=http://media2.giphy.com/media/AY7Px9Jf0B2OA/giphy.gif, width=300, height=200, size=445761, url=http://media2.giphy.com/media/AY7Px9Jf0B2OA/giphy.gif, width=300, height=200, size=445761, frames=52, mp4=http://media2.giphy.com/media/AY7Px9Jf0B2OA/giphy.mp4, mp4_size=186587, webp=http://media2.giphy.com/media/AY7Px9Jf0B2OA/giphy.webp, webp_size=388962, url=http://media2.giphy.com/media/AY7Px9Jf0B2OA/giphy_s.gif, width=300, height=200, mp4=http://media.giphy.com/media/AY7Px9Jf0B2OA/giphy-loop.mp4
2016-06-23T08:49:06.066Z - debug: { '0': null,
  '1': 
   IncomingMessage {
     _readableState: 
      ReadableState {
        objectMode: false,
        highWaterMark: 16384,
        buffer: [],
        length: 0,
        pipes: null,
        pipesCount: 0,
        flowing: true,
        ended: true,
        endEmitted: true,
        reading: false,
        sync: true,
        needReadable: false,
        emittedReadable: false,
        readableListening: false,
        resumeScheduled: false,
        defaultEncoding: 'utf8',
        ranOut: false,
        awaitDrain: 0,
        readingMore: false,
        decoder: null,
        encoding: null },
     readable: false,
     domain: null,
     _events: 
      { end: [Object],
        close: [Object],
        data: [Function],
        error: [Function] },
     _eventsCount: 4,
     _maxListeners: undefined,
     socket: 
      Socket {
        _connecting: false,
        _hadError: false,
        _handle: null,
        _parent: null,
        _host: 'api.giphy.com',
        _readableState: [Object],
        readable: false,
        domain: null,
        _events: [Object],
        _eventsCount: 8,
        _maxListeners: 0,
        _writableState: [Object],
        writable: false,
        allowHalfOpen: false,
        destroyed: true,
        bytesRead: 4571,
        _bytesDispatched: 140,
        _sockname: null,
        _pendingData: null,
        _pendingEncoding: '',
        server: null,
        _server: null,
        parser: null,
        _httpMessage: [Object],
        read: [Function],
        _consuming: true,
        _idleNext: null,
        _idlePrev: null,
        _idleTimeout: -1 },
     connection: 
      Socket {
        _connecting: false,
        _hadError: false,
        _handle: null,
        _parent: null,
        _host: 'api.giphy.com',
        _readableState: [Object],
        readable: false,
        domain: null,
        _events: [Object],
        _eventsCount: 8,
        _maxListeners: 0,
        _writableState: [Object],
        writable: false,
        allowHalfOpen: false,
        destroyed: true,
        bytesRead: 4571,
        _bytesDispatched: 140,
        _sockname: null,
        _pendingData: null,
        _pendingEncoding: '',
        server: null,
        _server: null,
        parser: null,
        _httpMessage: [Object],
        read: [Function],
        _consuming: true,
        _idleNext: null,
        _idlePrev: null,
        _idleTimeout: -1 },
     httpVersionMajor: 1,
     httpVersionMinor: 1,
     httpVersion: '1.1',
     complete: true,
     headers: 
      { date: 'Thu, 23 Jun 2016 08:49:06 GMT',
        'content-type': 'application/json',
        'transfer-encoding': 'chunked',
        connection: 'close',
        'set-cookie': [Object],
        'access-control-allow-credentials': 'true',
        'access-control-allow-headers': 'Content-Type, Accept, x-requested-with, cache-control',
        'access-control-allow-methods': 'GET, POST, PUT, DELETE, OPTIONS',
        'access-control-allow-origin': '*',
        vary: 'Accept-Encoding',
        'x-robots-tag': 'noindex',
        'cf-cache-status': 'HIT',
        expires: 'Thu, 23 Jun 2016 08:49:36 GMT',
        'cache-control': 'public, max-age=30',
        server: 'cloudflare-nginx',
        'cf-ray': '2b76af498d442543-ORD' },
     rawHeaders: 
      [ 'Date',
        'Thu, 23 Jun 2016 08:49:06 GMT',
        'Content-Type',
        'application/json',
        'Transfer-Encoding',
        'chunked',
        'Connection',
        'close',
        'Set-Cookie',
        '__cfduid=df6001193cf85bce23892a3b61455fe741466671745; expires=Fri, 23-Jun-17 08:49:05 GMT; path=/; domain=.giphy.com; HttpOnly',
        'Access-Control-Allow-Credentials',
        'true',
        'Access-Control-Allow-Headers',
        'Content-Type, Accept, x-requested-with, cache-control',
        'Access-Control-Allow-Methods',
        'GET, POST, PUT, DELETE, OPTIONS',
        'Access-Control-Allow-Origin',
        '*',
        'Vary',
        'Accept-Encoding',
        'X-Robots-Tag',
        'noindex',
        'CF-Cache-Status',
        'HIT',
        'Expires',
        'Thu, 23 Jun 2016 08:49:36 GMT',
        'Cache-Control',
        'public, max-age=30',
        'Server',
        'cloudflare-nginx',
        'CF-RAY',
        '2b76af498d442543-ORD' ],
     trailers: {},
     rawTrailers: [],
     upgrade: false,
     url: '',
     method: null,
     statusCode: 200,
     statusMessage: 'OK',
     client: 
      Socket {
        _connecting: false,
        _hadError: false,
        _handle: null,
        _parent: null,
        _host: 'api.giphy.com',
        _readableState: [Object],
        readable: false,
        domain: null,
        _events: [Object],
        _eventsCount: 8,
        _maxListeners: 0,
        _writableState: [Object],
        writable: false,
        allowHalfOpen: false,
        destroyed: true,
        bytesRead: 4571,
        _bytesDispatched: 140,
        _sockname: null,
        _pendingData: null,
        _pendingEncoding: '',
        server: null,
        _server: null,
        parser: null,
        _httpMessage: [Object],
        read: [Function],
        _consuming: true,
        _idleNext: null,
        _idlePrev: null,
        _idleTimeout: -1 },
     _consuming: true,
     _dumped: false,
     req: 
      ClientRequest {
        domain: null,
        _events: [Object],
        _eventsCount: 4,
        _maxListeners: undefined,
        output: [],
        outputEncodings: [],
        outputCallbacks: [],
        outputSize: 0,
        writable: true,
        _last: true,
        chunkedEncoding: false,
        shouldKeepAlive: false,
        useChunkedEncodingByDefault: false,
        sendDate: false,
        _removedHeader: {},
        _contentLength: 0,
        _hasBody: true,
        _trailer: '',
        finished: true,
        _headerSent: true,
        socket: [Object],
        connection: [Object],
        _header: 'GET /v1/gifs/search?api_key=dc6zaTOxFJmzC&rating=r&format=json&limit=1&q=Alex+is+retard HTTP/1.1\r\nhost: api.giphy.com\r\nConnection: close\r\n\r\n',
        _headers: [Object],
        _headerNames: [Object],
        _onPendingData: null,
        agent: [Object],
        socketPath: undefined,
        method: 'GET',
        path: '/v1/gifs/search?api_key=dc6zaTOxFJmzC&rating=r&format=json&limit=1&q=Alex+is+retard',
        parser: null,
        res: [Circular] },
     request: 
      Request {
        domain: null,
        _events: [Object],
        _eventsCount: 5,
        _maxListeners: undefined,
        uri: [Object],
        callback: [Function],
        readable: true,
        writable: true,
        _qs: [Object],
        _auth: [Object],
        _oauth: [Object],
        _multipart: [Object],
        _redirect: [Object],
        _tunnel: [Object],
        headers: {},
        setHeader: [Function],
        hasHeader: [Function],
        getHeader: [Function],
        removeHeader: [Function],
        method: 'GET',
        localAddress: undefined,
        pool: {},
        dests: [],
        __isRequestRequest: true,
        _callback: [Function: bound ],
        proxy: null,
        tunnel: false,
        setHost: true,
        originalCookieHeader: undefined,
        _disableCookies: true,
        _jar: undefined,
        port: 80,
        host: 'api.giphy.com',
        path: '/v1/gifs/search?api_key=dc6zaTOxFJmzC&rating=r&format=json&limit=1&q=Alex+is+retard',
        httpModule: [Object],
        agentClass: [Object],
        agent: [Object],
        _started: true,
        href: 'http://api.giphy.com/v1/gifs/search?api_key=dc6zaTOxFJmzC&rating=r&format=json&limit=1&q=Alex+is+retard',
        req: [Object],
        ntick: true,
        response: [Circular],
        originalHost: 'api.giphy.com',
        originalHostHeaderName: 'host',
        responseContent: [Circular],
        _destdata: true,
        _ended: true,
        _callbackCalled: true },
     toJSON: [Function: responseToJSON],
     caseless: Caseless { dict: [Object] },
     read: [Function],
     body: '{"data":[{"type":"gif","id":"AY7Px9Jf0B2OA","slug":"retards-AY7Px9Jf0B2OA","url":"http:\\/\\/giphy.com\\/gifs\\/retards-AY7Px9Jf0B2OA","bitly_gif_url":"http:\\/\\/gph.is\\/19RtdBL","bitly_url":"http:\\/\\/gph.is\\/19RtdBL","embed_url":"http:\\/\\/giphy.com\\/embed\\/AY7Px9Jf0B2OA","username":"","source":"http:\\/\\/www.gifbay.com\\/gif\\/more_infomercial_retards-9358\\/","rating":"g","content_url":"","source_tld":"www.gifbay.com","source_post_url":"http:\\/\\/www.gifbay.com\\/gif\\/more_infomercial_retards-9358\\/","import_datetime":"2013-10-14 07:04:41","trending_datetime":"1970-01-01 00:00:00","images":{"fixed_height":{"url":"http:\\/\\/media2.giphy.com\\/media\\/AY7Px9Jf0B2OA\\/200.gif","width":"300","height":"200","size":"285470","mp4":"http:\\/\\/media2.giphy.com\\/media\\/AY7Px9Jf0B2OA\\/200.mp4","mp4_size":"56736","webp":"http:\\/\\/media2.giphy.com\\/media\\/AY7Px9Jf0B2OA\\/200.webp","webp_size":"574528"},"fixed_height_still":{"url":"http:\\/\\/media2.giphy.com\\/media\\/AY7Px9Jf0B2OA\\/200_s.gif","width":"300","height":"200"},"fixed_height_downsampled":{"url":"http:\\/\\/media2.giphy.com\\/media\\/AY7Px9Jf0B2OA\\/200_d.gif","width":"300","height":"200","size":"254318","webp":"http:\\/\\/media2.giphy.com\\/media\\/AY7Px9Jf0B2OA\\/200_d.webp","webp_size":"63572"},"fixed_width":{"url":"http:\\/\\/media2.giphy.com\\/media\\/AY7Px9Jf0B2OA\\/200w.gif","width":"200","height":"133","size":"159014","mp4":"http:\\/\\/media2.giphy.com\\/media\\/AY7Px9Jf0B2OA\\/200w.mp4","mp4_size":"59670","webp":"http:\\/\\/media2.giphy.com\\/media\\/AY7Px9Jf0B2OA\\/200w.webp","webp_size":"303050"},"fixed_width_still":{"url":"http:\\/\\/media2.giphy.com\\/media\\/AY7Px9Jf0B2OA\\/200w_s.gif","width":"200","height":"133"},"fixed_width_downsampled":{"url":"http:\\/\\/media2.giphy.com\\/media\\/AY7Px9Jf0B2OA\\/200w_d.gif","width":"200","height":"133","size":"103894","webp":"http:\\/\\/media2.giphy.com\\/media\\/AY7Px9Jf0B2OA\\/200w_d.webp","webp_size":"34992"},"fixed_height_small":{"url":"http:\\/\\/media2.giphy.com\\/media\\/AY7Px9Jf0B2OA\\/100.gif","width":"150","height":"100","size":"285470","mp4":"http:\\/\\/media2.giphy.com\\/media\\/AY7Px9Jf0B2OA\\/100.mp4","mp4_size":"142897","webp":"http:\\/\\/media2.giphy.com\\/media\\/AY7Px9Jf0B2OA\\/100.webp","webp_size":"143978"},"fixed_height_small_still":{"url":"http:\\/\\/media2.giphy.com\\/media\\/AY7Px9Jf0B2OA\\/100_s.gif","width":"150","height":"100"},"fixed_width_small":{"url":"http:\\/\\/media2.giphy.com\\/media\\/AY7Px9Jf0B2OA\\/100w.gif","width":"100","height":"67","size":"159014","mp4":"http:\\/\\/media2.giphy.com\\/media\\/AY7Px9Jf0B2OA\\/100w.mp4","mp4_size":"83507","webp":"http:\\/\\/media2.giphy.com\\/media\\/AY7Px9Jf0B2OA\\/100w.webp","webp_size":"81420"},"fixed_width_small_still":{"url":"http:\\/\\/media2.giphy.com\\/media\\/AY7Px9Jf0B2OA\\/100w_s.gif","width":"100","height":"67"},"downsized":{"url":"http:\\/\\/media2.giphy.com\\/media\\/AY7Px9Jf0B2OA\\/giphy.gif","width":"300","height":"200","size":"445761"},"downsized_still":{"url":"http:\\/\\/media2.giphy.com\\/media\\/AY7Px9Jf0B2OA\\/giphy_s.gif","width":"300","height":"200"},"downsized_large":{"url":"http:\\/\\/media2.giphy.com\\/media\\/AY7Px9Jf0B2OA\\/giphy.gif","width":"300","height":"200","size":"445761"},"downsized_medium":{"url":"http:\\/\\/media2.giphy.com\\/media\\/AY7Px9Jf0B2OA\\/giphy.gif","width":"300","height":"200","size":"445761"},"original":{"url":"http:\\/\\/media2.giphy.com\\/media\\/AY7Px9Jf0B2OA\\/giphy.gif","width":"300","height":"200","size":"445761","frames":"52","mp4":"http:\\/\\/media2.giphy.com\\/media\\/AY7Px9Jf0B2OA\\/giphy.mp4","mp4_size":"186587","webp":"http:\\/\\/media2.giphy.com\\/media\\/AY7Px9Jf0B2OA\\/giphy.webp","webp_size":"388962"},"original_still":{"url":"http:\\/\\/media2.giphy.com\\/media\\/AY7Px9Jf0B2OA\\/giphy_s.gif","width":"300","height":"200"},"looping":{"mp4":"http:\\/\\/media.giphy.com\\/media\\/AY7Px9Jf0B2OA\\/giphy-loop.mp4"}}}],"meta":{"status":200,"msg":"OK"},"pagination":{"total_count":10584,"count":1,"offset":0}}' },
  '2': '{"data":[{"type":"gif","id":"AY7Px9Jf0B2OA","slug":"retards-AY7Px9Jf0B2OA","url":"http:\\/\\/giphy.com\\/gifs\\/retards-AY7Px9Jf0B2OA","bitly_gif_url":"http:\\/\\/gph.is\\/19RtdBL","bitly_url":"http:\\/\\/gph.is\\/19RtdBL","embed_url":"http:\\/\\/giphy.com\\/embed\\/AY7Px9Jf0B2OA","username":"","source":"http:\\/\\/www.gifbay.com\\/gif\\/more_infomercial_retards-9358\\/","rating":"g","content_url":"","source_tld":"www.gifbay.com","source_post_url":"http:\\/\\/www.gifbay.com\\/gif\\/more_infomercial_retards-9358\\/","import_datetime":"2013-10-14 07:04:41","trending_datetime":"1970-01-01 00:00:00","images":{"fixed_height":{"url":"http:\\/\\/media2.giphy.com\\/media\\/AY7Px9Jf0B2OA\\/200.gif","width":"300","height":"200","size":"285470","mp4":"http:\\/\\/media2.giphy.com\\/media\\/AY7Px9Jf0B2OA\\/200.mp4","mp4_size":"56736","webp":"http:\\/\\/media2.giphy.com\\/media\\/AY7Px9Jf0B2OA\\/200.webp","webp_size":"574528"},"fixed_height_still":{"url":"http:\\/\\/media2.giphy.com\\/media\\/AY7Px9Jf0B2OA\\/200_s.gif","width":"300","height":"200"},"fixed_height_downsampled":{"url":"http:\\/\\/media2.giphy.com\\/media\\/AY7Px9Jf0B2OA\\/200_d.gif","width":"300","height":"200","size":"254318","webp":"http:\\/\\/media2.giphy.com\\/media\\/AY7Px9Jf0B2OA\\/200_d.webp","webp_size":"63572"},"fixed_width":{"url":"http:\\/\\/media2.giphy.com\\/media\\/AY7Px9Jf0B2OA\\/200w.gif","width":"200","height":"133","size":"159014","mp4":"http:\\/\\/media2.giphy.com\\/media\\/AY7Px9Jf0B2OA\\/200w.mp4","mp4_size":"59670","webp":"http:\\/\\/media2.giphy.com\\/media\\/AY7Px9Jf0B2OA\\/200w.webp","webp_size":"303050"},"fixed_width_still":{"url":"http:\\/\\/media2.giphy.com\\/media\\/AY7Px9Jf0B2OA\\/200w_s.gif","width":"200","height":"133"},"fixed_width_downsampled":{"url":"http:\\/\\/media2.giphy.com\\/media\\/AY7Px9Jf0B2OA\\/200w_d.gif","width":"200","height":"133","size":"103894","webp":"http:\\/\\/media2.giphy.com\\/media\\/AY7Px9Jf0B2OA\\/200w_d.webp","webp_size":"34992"},"fixed_height_small":{"url":"http:\\/\\/media2.giphy.com\\/media\\/AY7Px9Jf0B2OA\\/100.gif","width":"150","height":"100","size":"285470","mp4":"http:\\/\\/media2.giphy.com\\/media\\/AY7Px9Jf0B2OA\\/100.mp4","mp4_size":"142897","webp":"http:\\/\\/media2.giphy.com\\/media\\/AY7Px9Jf0B2OA\\/100.webp","webp_size":"143978"},"fixed_height_small_still":{"url":"http:\\/\\/media2.giphy.com\\/media\\/AY7Px9Jf0B2OA\\/100_s.gif","width":"150","height":"100"},"fixed_width_small":{"url":"http:\\/\\/media2.giphy.com\\/media\\/AY7Px9Jf0B2OA\\/100w.gif","width":"100","height":"67","size":"159014","mp4":"http:\\/\\/media2.giphy.com\\/media\\/AY7Px9Jf0B2OA\\/100w.mp4","mp4_size":"83507","webp":"http:\\/\\/media2.giphy.com\\/media\\/AY7Px9Jf0B2OA\\/100w.webp","webp_size":"81420"},"fixed_width_small_still":{"url":"http:\\/\\/media2.giphy.com\\/media\\/AY7Px9Jf0B2OA\\/100w_s.gif","width":"100","height":"67"},"downsized":{"url":"http:\\/\\/media2.giphy.com\\/media\\/AY7Px9Jf0B2OA\\/giphy.gif","width":"300","height":"200","size":"445761"},"downsized_still":{"url":"http:\\/\\/media2.giphy.com\\/media\\/AY7Px9Jf0B2OA\\/giphy_s.gif","width":"300","height":"200"},"downsized_large":{"url":"http:\\/\\/media2.giphy.com\\/media\\/AY7Px9Jf0B2OA\\/giphy.gif","width":"300","height":"200","size":"445761"},"downsized_medium":{"url":"http:\\/\\/media2.giphy.com\\/media\\/AY7Px9Jf0B2OA\\/giphy.gif","width":"300","height":"200","size":"445761"},"original":{"url":"http:\\/\\/media2.giphy.com\\/media\\/AY7Px9Jf0B2OA\\/giphy.gif","width":"300","height":"200","size":"445761","frames":"52","mp4":"http:\\/\\/media2.giphy.com\\/media\\/AY7Px9Jf0B2OA\\/giphy.mp4","mp4_size":"186587","webp":"http:\\/\\/media2.giphy.com\\/media\\/AY7Px9Jf0B2OA\\/giphy.webp","webp_size":"388962"},"original_still":{"url":"http:\\/\\/media2.giphy.com\\/media\\/AY7Px9Jf0B2OA\\/giphy_s.gif","width":"300","height":"200"},"looping":{"mp4":"http:\\/\\/media.giphy.com\\/media\\/AY7Px9Jf0B2OA\\/giphy-loop.mp4"}}}],"meta":{"status":200,"msg":"OK"},"pagination":{"total_count":10584,"count":1,"offset":0}}' }
2016-06-23T08:49:06.067Z - debug:  type=gif, id=AY7Px9Jf0B2OA, slug=retards-AY7Px9Jf0B2OA, url=http://giphy.com/gifs/retards-AY7Px9Jf0B2OA, bitly_gif_url=http://gph.is/19RtdBL, bitly_url=http://gph.is/19RtdBL, embed_url=http://giphy.com/embed/AY7Px9Jf0B2OA, username=, source=http://www.gifbay.com/gif/more_infomercial_retards-9358/, rating=g, content_url=, source_tld=www.gifbay.com, source_post_url=http://www.gifbay.com/gif/more_infomercial_retards-9358/, import_datetime=2013-10-14 07:04:41, trending_datetime=1970-01-01 00:00:00, url=http://media2.giphy.com/media/AY7Px9Jf0B2OA/200.gif, width=300, height=200, size=285470, mp4=http://media2.giphy.com/media/AY7Px9Jf0B2OA/200.mp4, mp4_size=56736, webp=http://media2.giphy.com/media/AY7Px9Jf0B2OA/200.webp, webp_size=574528, url=http://media2.giphy.com/media/AY7Px9Jf0B2OA/200_s.gif, width=300, height=200, url=http://media2.giphy.com/media/AY7Px9Jf0B2OA/200_d.gif, width=300, height=200, size=254318, webp=http://media2.giphy.com/media/AY7Px9Jf0B2OA/200_d.webp, webp_size=63572, url=http://media2.giphy.com/media/AY7Px9Jf0B2OA/200w.gif, width=200, height=133, size=159014, mp4=http://media2.giphy.com/media/AY7Px9Jf0B2OA/200w.mp4, mp4_size=59670, webp=http://media2.giphy.com/media/AY7Px9Jf0B2OA/200w.webp, webp_size=303050, url=http://media2.giphy.com/media/AY7Px9Jf0B2OA/200w_s.gif, width=200, height=133, url=http://media2.giphy.com/media/AY7Px9Jf0B2OA/200w_d.gif, width=200, height=133, size=103894, webp=http://media2.giphy.com/media/AY7Px9Jf0B2OA/200w_d.webp, webp_size=34992, url=http://media2.giphy.com/media/AY7Px9Jf0B2OA/100.gif, width=150, height=100, size=285470, mp4=http://media2.giphy.com/media/AY7Px9Jf0B2OA/100.mp4, mp4_size=142897, webp=http://media2.giphy.com/media/AY7Px9Jf0B2OA/100.webp, webp_size=143978, url=http://media2.giphy.com/media/AY7Px9Jf0B2OA/100_s.gif, width=150, height=100, url=http://media2.giphy.com/media/AY7Px9Jf0B2OA/100w.gif, width=100, height=67, size=159014, mp4=http://media2.giphy.com/media/AY7Px9Jf0B2OA/100w.mp4, mp4_size=83507, webp=http://media2.giphy.com/media/AY7Px9Jf0B2OA/100w.webp, webp_size=81420, url=http://media2.giphy.com/media/AY7Px9Jf0B2OA/100w_s.gif, width=100, height=67, url=http://media2.giphy.com/media/AY7Px9Jf0B2OA/giphy.gif, width=300, height=200, size=445761, url=http://media2.giphy.com/media/AY7Px9Jf0B2OA/giphy_s.gif, width=300, height=200, url=http://media2.giphy.com/media/AY7Px9Jf0B2OA/giphy.gif, width=300, height=200, size=445761, url=http://media2.giphy.com/media/AY7Px9Jf0B2OA/giphy.gif, width=300, height=200, size=445761, url=http://media2.giphy.com/media/AY7Px9Jf0B2OA/giphy.gif, width=300, height=200, size=445761, frames=52, mp4=http://media2.giphy.com/media/AY7Px9Jf0B2OA/giphy.mp4, mp4_size=186587, webp=http://media2.giphy.com/media/AY7Px9Jf0B2OA/giphy.webp, webp_size=388962, url=http://media2.giphy.com/media/AY7Px9Jf0B2OA/giphy_s.gif, width=300, height=200, mp4=http://media.giphy.com/media/AY7Px9Jf0B2OA/giphy-loop.mp4
2016-06-23T09:13:35.683Z - debug: api_key=dc6zaTOxFJmzC&rating=r&format=json&limit=1&q=Tim+is+a+retard
2016-06-23T09:13:35.683Z - debug: api_key=dc6zaTOxFJmzC&rating=r&format=json&limit=1&q=Tim+is+a+retard
2016-06-23T09:13:35.837Z - debug: { '0': null,
  '1': 
   IncomingMessage {
     _readableState: 
      ReadableState {
        objectMode: false,
        highWaterMark: 16384,
        buffer: [],
        length: 0,
        pipes: null,
        pipesCount: 0,
        flowing: true,
        ended: true,
        endEmitted: true,
        reading: false,
        sync: true,
        needReadable: false,
        emittedReadable: false,
        readableListening: false,
        resumeScheduled: false,
        defaultEncoding: 'utf8',
        ranOut: false,
        awaitDrain: 0,
        readingMore: false,
        decoder: null,
        encoding: null },
     readable: false,
     domain: null,
     _events: 
      { end: [Object],
        close: [Object],
        data: [Function],
        error: [Function] },
     _eventsCount: 4,
     _maxListeners: undefined,
     socket: 
      Socket {
        _connecting: false,
        _hadError: false,
        _handle: null,
        _parent: null,
        _host: 'api.giphy.com',
        _readableState: [Object],
        readable: false,
        domain: null,
        _events: [Object],
        _eventsCount: 8,
        _maxListeners: 0,
        _writableState: [Object],
        writable: false,
        allowHalfOpen: false,
        destroyed: true,
        bytesRead: 4571,
        _bytesDispatched: 141,
        _sockname: null,
        _pendingData: null,
        _pendingEncoding: '',
        server: null,
        _server: null,
        parser: null,
        _httpMessage: [Object],
        read: [Function],
        _consuming: true,
        _idleNext: null,
        _idlePrev: null,
        _idleTimeout: -1 },
     connection: 
      Socket {
        _connecting: false,
        _hadError: false,
        _handle: null,
        _parent: null,
        _host: 'api.giphy.com',
        _readableState: [Object],
        readable: false,
        domain: null,
        _events: [Object],
        _eventsCount: 8,
        _maxListeners: 0,
        _writableState: [Object],
        writable: false,
        allowHalfOpen: false,
        destroyed: true,
        bytesRead: 4571,
        _bytesDispatched: 141,
        _sockname: null,
        _pendingData: null,
        _pendingEncoding: '',
        server: null,
        _server: null,
        parser: null,
        _httpMessage: [Object],
        read: [Function],
        _consuming: true,
        _idleNext: null,
        _idlePrev: null,
        _idleTimeout: -1 },
     httpVersionMajor: 1,
     httpVersionMinor: 1,
     httpVersion: '1.1',
     complete: true,
     headers: 
      { date: 'Thu, 23 Jun 2016 09:13:35 GMT',
        'content-type': 'application/json',
        'transfer-encoding': 'chunked',
        connection: 'close',
        'set-cookie': [Object],
        'access-control-allow-credentials': 'true',
        'access-control-allow-headers': 'Content-Type, Accept, x-requested-with, cache-control',
        'access-control-allow-methods': 'GET, POST, PUT, DELETE, OPTIONS',
        'access-control-allow-origin': '*',
        vary: 'Accept-Encoding',
        'x-robots-tag': 'noindex',
        'cf-cache-status': 'MISS',
        expires: 'Thu, 23 Jun 2016 09:14:05 GMT',
        'cache-control': 'public, max-age=30',
        server: 'cloudflare-nginx',
        'cf-ray': '2b76d32e40040168-ORD' },
     rawHeaders: 
      [ 'Date',
        'Thu, 23 Jun 2016 09:13:35 GMT',
        'Content-Type',
        'application/json',
        'Transfer-Encoding',
        'chunked',
        'Connection',
        'close',
        'Set-Cookie',
        '__cfduid=d2bc86065dc8893f9c8fc13d7269e8ca31466673215; expires=Fri, 23-Jun-17 09:13:35 GMT; path=/; domain=.giphy.com; HttpOnly',
        'Access-Control-Allow-Credentials',
        'true',
        'Access-Control-Allow-Headers',
        'Content-Type, Accept, x-requested-with, cache-control',
        'Access-Control-Allow-Methods',
        'GET, POST, PUT, DELETE, OPTIONS',
        'Access-Control-Allow-Origin',
        '*',
        'Vary',
        'Accept-Encoding',
        'X-Robots-Tag',
        'noindex',
        'CF-Cache-Status',
        'MISS',
        'Expires',
        'Thu, 23 Jun 2016 09:14:05 GMT',
        'Cache-Control',
        'public, max-age=30',
        'Server',
        'cloudflare-nginx',
        'CF-RAY',
        '2b76d32e40040168-ORD' ],
     trailers: {},
     rawTrailers: [],
     upgrade: false,
     url: '',
     method: null,
     statusCode: 200,
     statusMessage: 'OK',
     client: 
      Socket {
        _connecting: false,
        _hadError: false,
        _handle: null,
        _parent: null,
        _host: 'api.giphy.com',
        _readableState: [Object],
        readable: false,
        domain: null,
        _events: [Object],
        _eventsCount: 8,
        _maxListeners: 0,
        _writableState: [Object],
        writable: false,
        allowHalfOpen: false,
        destroyed: true,
        bytesRead: 4571,
        _bytesDispatched: 141,
        _sockname: null,
        _pendingData: null,
        _pendingEncoding: '',
        server: null,
        _server: null,
        parser: null,
        _httpMessage: [Object],
        read: [Function],
        _consuming: true,
        _idleNext: null,
        _idlePrev: null,
        _idleTimeout: -1 },
     _consuming: true,
     _dumped: false,
     req: 
      ClientRequest {
        domain: null,
        _events: [Object],
        _eventsCount: 4,
        _maxListeners: undefined,
        output: [],
        outputEncodings: [],
        outputCallbacks: [],
        outputSize: 0,
        writable: true,
        _last: true,
        chunkedEncoding: false,
        shouldKeepAlive: false,
        useChunkedEncodingByDefault: false,
        sendDate: false,
        _removedHeader: {},
        _contentLength: 0,
        _hasBody: true,
        _trailer: '',
        finished: true,
        _headerSent: true,
        socket: [Object],
        connection: [Object],
        _header: 'GET /v1/gifs/search?api_key=dc6zaTOxFJmzC&rating=r&format=json&limit=1&q=Tim+is+a+retard HTTP/1.1\r\nhost: api.giphy.com\r\nConnection: close\r\n\r\n',
        _headers: [Object],
        _headerNames: [Object],
        _onPendingData: null,
        agent: [Object],
        socketPath: undefined,
        method: 'GET',
        path: '/v1/gifs/search?api_key=dc6zaTOxFJmzC&rating=r&format=json&limit=1&q=Tim+is+a+retard',
        parser: null,
        res: [Circular] },
     request: 
      Request {
        domain: null,
        _events: [Object],
        _eventsCount: 5,
        _maxListeners: undefined,
        uri: [Object],
        callback: [Function],
        readable: true,
        writable: true,
        _qs: [Object],
        _auth: [Object],
        _oauth: [Object],
        _multipart: [Object],
        _redirect: [Object],
        _tunnel: [Object],
        headers: {},
        setHeader: [Function],
        hasHeader: [Function],
        getHeader: [Function],
        removeHeader: [Function],
        method: 'GET',
        localAddress: undefined,
        pool: {},
        dests: [],
        __isRequestRequest: true,
        _callback: [Function: bound ],
        proxy: null,
        tunnel: false,
        setHost: true,
        originalCookieHeader: undefined,
        _disableCookies: true,
        _jar: undefined,
        port: 80,
        host: 'api.giphy.com',
        path: '/v1/gifs/search?api_key=dc6zaTOxFJmzC&rating=r&format=json&limit=1&q=Tim+is+a+retard',
        httpModule: [Object],
        agentClass: [Object],
        agent: [Object],
        _started: true,
        href: 'http://api.giphy.com/v1/gifs/search?api_key=dc6zaTOxFJmzC&rating=r&format=json&limit=1&q=Tim+is+a+retard',
        req: [Object],
        ntick: true,
        response: [Circular],
        originalHost: 'api.giphy.com',
        originalHostHeaderName: 'host',
        responseContent: [Circular],
        _destdata: true,
        _ended: true,
        _callbackCalled: true },
     toJSON: [Function: responseToJSON],
     caseless: Caseless { dict: [Object] },
     read: [Function],
     body: '{"data":[{"type":"gif","id":"AY7Px9Jf0B2OA","slug":"retards-AY7Px9Jf0B2OA","url":"http:\\/\\/giphy.com\\/gifs\\/retards-AY7Px9Jf0B2OA","bitly_gif_url":"http:\\/\\/gph.is\\/19RtdBL","bitly_url":"http:\\/\\/gph.is\\/19RtdBL","embed_url":"http:\\/\\/giphy.com\\/embed\\/AY7Px9Jf0B2OA","username":"","source":"http:\\/\\/www.gifbay.com\\/gif\\/more_infomercial_retards-9358\\/","rating":"g","content_url":"","source_tld":"www.gifbay.com","source_post_url":"http:\\/\\/www.gifbay.com\\/gif\\/more_infomercial_retards-9358\\/","import_datetime":"2013-10-14 07:04:41","trending_datetime":"1970-01-01 00:00:00","images":{"fixed_height":{"url":"http:\\/\\/media1.giphy.com\\/media\\/AY7Px9Jf0B2OA\\/200.gif","width":"300","height":"200","size":"285470","mp4":"http:\\/\\/media1.giphy.com\\/media\\/AY7Px9Jf0B2OA\\/200.mp4","mp4_size":"56736","webp":"http:\\/\\/media1.giphy.com\\/media\\/AY7Px9Jf0B2OA\\/200.webp","webp_size":"574528"},"fixed_height_still":{"url":"http:\\/\\/media1.giphy.com\\/media\\/AY7Px9Jf0B2OA\\/200_s.gif","width":"300","height":"200"},"fixed_height_downsampled":{"url":"http:\\/\\/media1.giphy.com\\/media\\/AY7Px9Jf0B2OA\\/200_d.gif","width":"300","height":"200","size":"254318","webp":"http:\\/\\/media1.giphy.com\\/media\\/AY7Px9Jf0B2OA\\/200_d.webp","webp_size":"63572"},"fixed_width":{"url":"http:\\/\\/media1.giphy.com\\/media\\/AY7Px9Jf0B2OA\\/200w.gif","width":"200","height":"133","size":"159014","mp4":"http:\\/\\/media1.giphy.com\\/media\\/AY7Px9Jf0B2OA\\/200w.mp4","mp4_size":"59670","webp":"http:\\/\\/media1.giphy.com\\/media\\/AY7Px9Jf0B2OA\\/200w.webp","webp_size":"303050"},"fixed_width_still":{"url":"http:\\/\\/media1.giphy.com\\/media\\/AY7Px9Jf0B2OA\\/200w_s.gif","width":"200","height":"133"},"fixed_width_downsampled":{"url":"http:\\/\\/media1.giphy.com\\/media\\/AY7Px9Jf0B2OA\\/200w_d.gif","width":"200","height":"133","size":"103894","webp":"http:\\/\\/media1.giphy.com\\/media\\/AY7Px9Jf0B2OA\\/200w_d.webp","webp_size":"34992"},"fixed_height_small":{"url":"http:\\/\\/media1.giphy.com\\/media\\/AY7Px9Jf0B2OA\\/100.gif","width":"150","height":"100","size":"285470","mp4":"http:\\/\\/media1.giphy.com\\/media\\/AY7Px9Jf0B2OA\\/100.mp4","mp4_size":"142897","webp":"http:\\/\\/media1.giphy.com\\/media\\/AY7Px9Jf0B2OA\\/100.webp","webp_size":"143978"},"fixed_height_small_still":{"url":"http:\\/\\/media1.giphy.com\\/media\\/AY7Px9Jf0B2OA\\/100_s.gif","width":"150","height":"100"},"fixed_width_small":{"url":"http:\\/\\/media1.giphy.com\\/media\\/AY7Px9Jf0B2OA\\/100w.gif","width":"100","height":"67","size":"159014","mp4":"http:\\/\\/media1.giphy.com\\/media\\/AY7Px9Jf0B2OA\\/100w.mp4","mp4_size":"83507","webp":"http:\\/\\/media1.giphy.com\\/media\\/AY7Px9Jf0B2OA\\/100w.webp","webp_size":"81420"},"fixed_width_small_still":{"url":"http:\\/\\/media1.giphy.com\\/media\\/AY7Px9Jf0B2OA\\/100w_s.gif","width":"100","height":"67"},"downsized":{"url":"http:\\/\\/media1.giphy.com\\/media\\/AY7Px9Jf0B2OA\\/giphy.gif","width":"300","height":"200","size":"445761"},"downsized_still":{"url":"http:\\/\\/media1.giphy.com\\/media\\/AY7Px9Jf0B2OA\\/giphy_s.gif","width":"300","height":"200"},"downsized_large":{"url":"http:\\/\\/media1.giphy.com\\/media\\/AY7Px9Jf0B2OA\\/giphy.gif","width":"300","height":"200","size":"445761"},"downsized_medium":{"url":"http:\\/\\/media1.giphy.com\\/media\\/AY7Px9Jf0B2OA\\/giphy.gif","width":"300","height":"200","size":"445761"},"original":{"url":"http:\\/\\/media1.giphy.com\\/media\\/AY7Px9Jf0B2OA\\/giphy.gif","width":"300","height":"200","size":"445761","frames":"52","mp4":"http:\\/\\/media1.giphy.com\\/media\\/AY7Px9Jf0B2OA\\/giphy.mp4","mp4_size":"186587","webp":"http:\\/\\/media1.giphy.com\\/media\\/AY7Px9Jf0B2OA\\/giphy.webp","webp_size":"388962"},"original_still":{"url":"http:\\/\\/media1.giphy.com\\/media\\/AY7Px9Jf0B2OA\\/giphy_s.gif","width":"300","height":"200"},"looping":{"mp4":"http:\\/\\/media.giphy.com\\/media\\/AY7Px9Jf0B2OA\\/giphy-loop.mp4"}}}],"meta":{"status":200,"msg":"OK"},"pagination":{"total_count":6064,"count":1,"offset":0}}' },
  '2': '{"data":[{"type":"gif","id":"AY7Px9Jf0B2OA","slug":"retards-AY7Px9Jf0B2OA","url":"http:\\/\\/giphy.com\\/gifs\\/retards-AY7Px9Jf0B2OA","bitly_gif_url":"http:\\/\\/gph.is\\/19RtdBL","bitly_url":"http:\\/\\/gph.is\\/19RtdBL","embed_url":"http:\\/\\/giphy.com\\/embed\\/AY7Px9Jf0B2OA","username":"","source":"http:\\/\\/www.gifbay.com\\/gif\\/more_infomercial_retards-9358\\/","rating":"g","content_url":"","source_tld":"www.gifbay.com","source_post_url":"http:\\/\\/www.gifbay.com\\/gif\\/more_infomercial_retards-9358\\/","import_datetime":"2013-10-14 07:04:41","trending_datetime":"1970-01-01 00:00:00","images":{"fixed_height":{"url":"http:\\/\\/media1.giphy.com\\/media\\/AY7Px9Jf0B2OA\\/200.gif","width":"300","height":"200","size":"285470","mp4":"http:\\/\\/media1.giphy.com\\/media\\/AY7Px9Jf0B2OA\\/200.mp4","mp4_size":"56736","webp":"http:\\/\\/media1.giphy.com\\/media\\/AY7Px9Jf0B2OA\\/200.webp","webp_size":"574528"},"fixed_height_still":{"url":"http:\\/\\/media1.giphy.com\\/media\\/AY7Px9Jf0B2OA\\/200_s.gif","width":"300","height":"200"},"fixed_height_downsampled":{"url":"http:\\/\\/media1.giphy.com\\/media\\/AY7Px9Jf0B2OA\\/200_d.gif","width":"300","height":"200","size":"254318","webp":"http:\\/\\/media1.giphy.com\\/media\\/AY7Px9Jf0B2OA\\/200_d.webp","webp_size":"63572"},"fixed_width":{"url":"http:\\/\\/media1.giphy.com\\/media\\/AY7Px9Jf0B2OA\\/200w.gif","width":"200","height":"133","size":"159014","mp4":"http:\\/\\/media1.giphy.com\\/media\\/AY7Px9Jf0B2OA\\/200w.mp4","mp4_size":"59670","webp":"http:\\/\\/media1.giphy.com\\/media\\/AY7Px9Jf0B2OA\\/200w.webp","webp_size":"303050"},"fixed_width_still":{"url":"http:\\/\\/media1.giphy.com\\/media\\/AY7Px9Jf0B2OA\\/200w_s.gif","width":"200","height":"133"},"fixed_width_downsampled":{"url":"http:\\/\\/media1.giphy.com\\/media\\/AY7Px9Jf0B2OA\\/200w_d.gif","width":"200","height":"133","size":"103894","webp":"http:\\/\\/media1.giphy.com\\/media\\/AY7Px9Jf0B2OA\\/200w_d.webp","webp_size":"34992"},"fixed_height_small":{"url":"http:\\/\\/media1.giphy.com\\/media\\/AY7Px9Jf0B2OA\\/100.gif","width":"150","height":"100","size":"285470","mp4":"http:\\/\\/media1.giphy.com\\/media\\/AY7Px9Jf0B2OA\\/100.mp4","mp4_size":"142897","webp":"http:\\/\\/media1.giphy.com\\/media\\/AY7Px9Jf0B2OA\\/100.webp","webp_size":"143978"},"fixed_height_small_still":{"url":"http:\\/\\/media1.giphy.com\\/media\\/AY7Px9Jf0B2OA\\/100_s.gif","width":"150","height":"100"},"fixed_width_small":{"url":"http:\\/\\/media1.giphy.com\\/media\\/AY7Px9Jf0B2OA\\/100w.gif","width":"100","height":"67","size":"159014","mp4":"http:\\/\\/media1.giphy.com\\/media\\/AY7Px9Jf0B2OA\\/100w.mp4","mp4_size":"83507","webp":"http:\\/\\/media1.giphy.com\\/media\\/AY7Px9Jf0B2OA\\/100w.webp","webp_size":"81420"},"fixed_width_small_still":{"url":"http:\\/\\/media1.giphy.com\\/media\\/AY7Px9Jf0B2OA\\/100w_s.gif","width":"100","height":"67"},"downsized":{"url":"http:\\/\\/media1.giphy.com\\/media\\/AY7Px9Jf0B2OA\\/giphy.gif","width":"300","height":"200","size":"445761"},"downsized_still":{"url":"http:\\/\\/media1.giphy.com\\/media\\/AY7Px9Jf0B2OA\\/giphy_s.gif","width":"300","height":"200"},"downsized_large":{"url":"http:\\/\\/media1.giphy.com\\/media\\/AY7Px9Jf0B2OA\\/giphy.gif","width":"300","height":"200","size":"445761"},"downsized_medium":{"url":"http:\\/\\/media1.giphy.com\\/media\\/AY7Px9Jf0B2OA\\/giphy.gif","width":"300","height":"200","size":"445761"},"original":{"url":"http:\\/\\/media1.giphy.com\\/media\\/AY7Px9Jf0B2OA\\/giphy.gif","width":"300","height":"200","size":"445761","frames":"52","mp4":"http:\\/\\/media1.giphy.com\\/media\\/AY7Px9Jf0B2OA\\/giphy.mp4","mp4_size":"186587","webp":"http:\\/\\/media1.giphy.com\\/media\\/AY7Px9Jf0B2OA\\/giphy.webp","webp_size":"388962"},"original_still":{"url":"http:\\/\\/media1.giphy.com\\/media\\/AY7Px9Jf0B2OA\\/giphy_s.gif","width":"300","height":"200"},"looping":{"mp4":"http:\\/\\/media.giphy.com\\/media\\/AY7Px9Jf0B2OA\\/giphy-loop.mp4"}}}],"meta":{"status":200,"msg":"OK"},"pagination":{"total_count":6064,"count":1,"offset":0}}' }
2016-06-23T09:13:35.837Z - debug:  type=gif, id=AY7Px9Jf0B2OA, slug=retards-AY7Px9Jf0B2OA, url=http://giphy.com/gifs/retards-AY7Px9Jf0B2OA, bitly_gif_url=http://gph.is/19RtdBL, bitly_url=http://gph.is/19RtdBL, embed_url=http://giphy.com/embed/AY7Px9Jf0B2OA, username=, source=http://www.gifbay.com/gif/more_infomercial_retards-9358/, rating=g, content_url=, source_tld=www.gifbay.com, source_post_url=http://www.gifbay.com/gif/more_infomercial_retards-9358/, import_datetime=2013-10-14 07:04:41, trending_datetime=1970-01-01 00:00:00, url=http://media1.giphy.com/media/AY7Px9Jf0B2OA/200.gif, width=300, height=200, size=285470, mp4=http://media1.giphy.com/media/AY7Px9Jf0B2OA/200.mp4, mp4_size=56736, webp=http://media1.giphy.com/media/AY7Px9Jf0B2OA/200.webp, webp_size=574528, url=http://media1.giphy.com/media/AY7Px9Jf0B2OA/200_s.gif, width=300, height=200, url=http://media1.giphy.com/media/AY7Px9Jf0B2OA/200_d.gif, width=300, height=200, size=254318, webp=http://media1.giphy.com/media/AY7Px9Jf0B2OA/200_d.webp, webp_size=63572, url=http://media1.giphy.com/media/AY7Px9Jf0B2OA/200w.gif, width=200, height=133, size=159014, mp4=http://media1.giphy.com/media/AY7Px9Jf0B2OA/200w.mp4, mp4_size=59670, webp=http://media1.giphy.com/media/AY7Px9Jf0B2OA/200w.webp, webp_size=303050, url=http://media1.giphy.com/media/AY7Px9Jf0B2OA/200w_s.gif, width=200, height=133, url=http://media1.giphy.com/media/AY7Px9Jf0B2OA/200w_d.gif, width=200, height=133, size=103894, webp=http://media1.giphy.com/media/AY7Px9Jf0B2OA/200w_d.webp, webp_size=34992, url=http://media1.giphy.com/media/AY7Px9Jf0B2OA/100.gif, width=150, height=100, size=285470, mp4=http://media1.giphy.com/media/AY7Px9Jf0B2OA/100.mp4, mp4_size=142897, webp=http://media1.giphy.com/media/AY7Px9Jf0B2OA/100.webp, webp_size=143978, url=http://media1.giphy.com/media/AY7Px9Jf0B2OA/100_s.gif, width=150, height=100, url=http://media1.giphy.com/media/AY7Px9Jf0B2OA/100w.gif, width=100, height=67, size=159014, mp4=http://media1.giphy.com/media/AY7Px9Jf0B2OA/100w.mp4, mp4_size=83507, webp=http://media1.giphy.com/media/AY7Px9Jf0B2OA/100w.webp, webp_size=81420, url=http://media1.giphy.com/media/AY7Px9Jf0B2OA/100w_s.gif, width=100, height=67, url=http://media1.giphy.com/media/AY7Px9Jf0B2OA/giphy.gif, width=300, height=200, size=445761, url=http://media1.giphy.com/media/AY7Px9Jf0B2OA/giphy_s.gif, width=300, height=200, url=http://media1.giphy.com/media/AY7Px9Jf0B2OA/giphy.gif, width=300, height=200, size=445761, url=http://media1.giphy.com/media/AY7Px9Jf0B2OA/giphy.gif, width=300, height=200, size=445761, url=http://media1.giphy.com/media/AY7Px9Jf0B2OA/giphy.gif, width=300, height=200, size=445761, frames=52, mp4=http://media1.giphy.com/media/AY7Px9Jf0B2OA/giphy.mp4, mp4_size=186587, webp=http://media1.giphy.com/media/AY7Px9Jf0B2OA/giphy.webp, webp_size=388962, url=http://media1.giphy.com/media/AY7Px9Jf0B2OA/giphy_s.gif, width=300, height=200, mp4=http://media.giphy.com/media/AY7Px9Jf0B2OA/giphy-loop.mp4
2016-06-23T09:13:36.266Z - debug: { '0': null,
  '1': 
   IncomingMessage {
     _readableState: 
      ReadableState {
        objectMode: false,
        highWaterMark: 16384,
        buffer: [],
        length: 0,
        pipes: null,
        pipesCount: 0,
        flowing: true,
        ended: true,
        endEmitted: true,
        reading: false,
        sync: true,
        needReadable: false,
        emittedReadable: false,
        readableListening: false,
        resumeScheduled: false,
        defaultEncoding: 'utf8',
        ranOut: false,
        awaitDrain: 0,
        readingMore: false,
        decoder: null,
        encoding: null },
     readable: false,
     domain: null,
     _events: 
      { end: [Object],
        close: [Object],
        data: [Function],
        error: [Function] },
     _eventsCount: 4,
     _maxListeners: undefined,
     socket: 
      Socket {
        _connecting: false,
        _hadError: false,
        _handle: null,
        _parent: null,
        _host: 'api.giphy.com',
        _readableState: [Object],
        readable: false,
        domain: null,
        _events: [Object],
        _eventsCount: 8,
        _maxListeners: 0,
        _writableState: [Object],
        writable: false,
        allowHalfOpen: false,
        destroyed: true,
        bytesRead: 4570,
        _bytesDispatched: 141,
        _sockname: null,
        _pendingData: null,
        _pendingEncoding: '',
        server: null,
        _server: null,
        parser: null,
        _httpMessage: [Object],
        read: [Function],
        _consuming: true,
        _idleNext: null,
        _idlePrev: null,
        _idleTimeout: -1 },
     connection: 
      Socket {
        _connecting: false,
        _hadError: false,
        _handle: null,
        _parent: null,
        _host: 'api.giphy.com',
        _readableState: [Object],
        readable: false,
        domain: null,
        _events: [Object],
        _eventsCount: 8,
        _maxListeners: 0,
        _writableState: [Object],
        writable: false,
        allowHalfOpen: false,
        destroyed: true,
        bytesRead: 4570,
        _bytesDispatched: 141,
        _sockname: null,
        _pendingData: null,
        _pendingEncoding: '',
        server: null,
        _server: null,
        parser: null,
        _httpMessage: [Object],
        read: [Function],
        _consuming: true,
        _idleNext: null,
        _idlePrev: null,
        _idleTimeout: -1 },
     httpVersionMajor: 1,
     httpVersionMinor: 1,
     httpVersion: '1.1',
     complete: true,
     headers: 
      { date: 'Thu, 23 Jun 2016 09:13:36 GMT',
        'content-type': 'application/json',
        'transfer-encoding': 'chunked',
        connection: 'close',
        'set-cookie': [Object],
        'access-control-allow-credentials': 'true',
        'access-control-allow-headers': 'Content-Type, Accept, x-requested-with, cache-control',
        'access-control-allow-methods': 'GET, POST, PUT, DELETE, OPTIONS',
        'access-control-allow-origin': '*',
        vary: 'Accept-Encoding',
        'x-robots-tag': 'noindex',
        'cf-cache-status': 'HIT',
        expires: 'Thu, 23 Jun 2016 09:14:06 GMT',
        'cache-control': 'public, max-age=30',
        server: 'cloudflare-nginx',
        'cf-ray': '2b76d32e487809b8-ORD' },
     rawHeaders: 
      [ 'Date',
        'Thu, 23 Jun 2016 09:13:36 GMT',
        'Content-Type',
        'application/json',
        'Transfer-Encoding',
        'chunked',
        'Connection',
        'close',
        'Set-Cookie',
        '__cfduid=d021353109d7db6bffa414883b94282131466673215; expires=Fri, 23-Jun-17 09:13:35 GMT; path=/; domain=.giphy.com; HttpOnly',
        'Access-Control-Allow-Credentials',
        'true',
        'Access-Control-Allow-Headers',
        'Content-Type, Accept, x-requested-with, cache-control',
        'Access-Control-Allow-Methods',
        'GET, POST, PUT, DELETE, OPTIONS',
        'Access-Control-Allow-Origin',
        '*',
        'Vary',
        'Accept-Encoding',
        'X-Robots-Tag',
        'noindex',
        'CF-Cache-Status',
        'HIT',
        'Expires',
        'Thu, 23 Jun 2016 09:14:06 GMT',
        'Cache-Control',
        'public, max-age=30',
        'Server',
        'cloudflare-nginx',
        'CF-RAY',
        '2b76d32e487809b8-ORD' ],
     trailers: {},
     rawTrailers: [],
     upgrade: false,
     url: '',
     method: null,
     statusCode: 200,
     statusMessage: 'OK',
     client: 
      Socket {
        _connecting: false,
        _hadError: false,
        _handle: null,
        _parent: null,
        _host: 'api.giphy.com',
        _readableState: [Object],
        readable: false,
        domain: null,
        _events: [Object],
        _eventsCount: 8,
        _maxListeners: 0,
        _writableState: [Object],
        writable: false,
        allowHalfOpen: false,
        destroyed: true,
        bytesRead: 4570,
        _bytesDispatched: 141,
        _sockname: null,
        _pendingData: null,
        _pendingEncoding: '',
        server: null,
        _server: null,
        parser: null,
        _httpMessage: [Object],
        read: [Function],
        _consuming: true,
        _idleNext: null,
        _idlePrev: null,
        _idleTimeout: -1 },
     _consuming: true,
     _dumped: false,
     req: 
      ClientRequest {
        domain: null,
        _events: [Object],
        _eventsCount: 4,
        _maxListeners: undefined,
        output: [],
        outputEncodings: [],
        outputCallbacks: [],
        outputSize: 0,
        writable: true,
        _last: true,
        chunkedEncoding: false,
        shouldKeepAlive: false,
        useChunkedEncodingByDefault: false,
        sendDate: false,
        _removedHeader: {},
        _contentLength: 0,
        _hasBody: true,
        _trailer: '',
        finished: true,
        _headerSent: true,
        socket: [Object],
        connection: [Object],
        _header: 'GET /v1/gifs/search?api_key=dc6zaTOxFJmzC&rating=r&format=json&limit=1&q=Tim+is+a+retard HTTP/1.1\r\nhost: api.giphy.com\r\nConnection: close\r\n\r\n',
        _headers: [Object],
        _headerNames: [Object],
        _onPendingData: null,
        agent: [Object],
        socketPath: undefined,
        method: 'GET',
        path: '/v1/gifs/search?api_key=dc6zaTOxFJmzC&rating=r&format=json&limit=1&q=Tim+is+a+retard',
        parser: null,
        res: [Circular] },
     request: 
      Request {
        domain: null,
        _events: [Object],
        _eventsCount: 5,
        _maxListeners: undefined,
        uri: [Object],
        callback: [Function],
        readable: true,
        writable: true,
        _qs: [Object],
        _auth: [Object],
        _oauth: [Object],
        _multipart: [Object],
        _redirect: [Object],
        _tunnel: [Object],
        headers: {},
        setHeader: [Function],
        hasHeader: [Function],
        getHeader: [Function],
        removeHeader: [Function],
        method: 'GET',
        localAddress: undefined,
        pool: {},
        dests: [],
        __isRequestRequest: true,
        _callback: [Function: bound ],
        proxy: null,
        tunnel: false,
        setHost: true,
        originalCookieHeader: undefined,
        _disableCookies: true,
        _jar: undefined,
        port: 80,
        host: 'api.giphy.com',
        path: '/v1/gifs/search?api_key=dc6zaTOxFJmzC&rating=r&format=json&limit=1&q=Tim+is+a+retard',
        httpModule: [Object],
        agentClass: [Object],
        agent: [Object],
        _started: true,
        href: 'http://api.giphy.com/v1/gifs/search?api_key=dc6zaTOxFJmzC&rating=r&format=json&limit=1&q=Tim+is+a+retard',
        req: [Object],
        ntick: true,
        response: [Circular],
        originalHost: 'api.giphy.com',
        originalHostHeaderName: 'host',
        responseContent: [Circular],
        _destdata: true,
        _ended: true,
        _callbackCalled: true },
     toJSON: [Function: responseToJSON],
     caseless: Caseless { dict: [Object] },
     read: [Function],
     body: '{"data":[{"type":"gif","id":"AY7Px9Jf0B2OA","slug":"retards-AY7Px9Jf0B2OA","url":"http:\\/\\/giphy.com\\/gifs\\/retards-AY7Px9Jf0B2OA","bitly_gif_url":"http:\\/\\/gph.is\\/19RtdBL","bitly_url":"http:\\/\\/gph.is\\/19RtdBL","embed_url":"http:\\/\\/giphy.com\\/embed\\/AY7Px9Jf0B2OA","username":"","source":"http:\\/\\/www.gifbay.com\\/gif\\/more_infomercial_retards-9358\\/","rating":"g","content_url":"","source_tld":"www.gifbay.com","source_post_url":"http:\\/\\/www.gifbay.com\\/gif\\/more_infomercial_retards-9358\\/","import_datetime":"2013-10-14 07:04:41","trending_datetime":"1970-01-01 00:00:00","images":{"fixed_height":{"url":"http:\\/\\/media1.giphy.com\\/media\\/AY7Px9Jf0B2OA\\/200.gif","width":"300","height":"200","size":"285470","mp4":"http:\\/\\/media1.giphy.com\\/media\\/AY7Px9Jf0B2OA\\/200.mp4","mp4_size":"56736","webp":"http:\\/\\/media1.giphy.com\\/media\\/AY7Px9Jf0B2OA\\/200.webp","webp_size":"574528"},"fixed_height_still":{"url":"http:\\/\\/media1.giphy.com\\/media\\/AY7Px9Jf0B2OA\\/200_s.gif","width":"300","height":"200"},"fixed_height_downsampled":{"url":"http:\\/\\/media1.giphy.com\\/media\\/AY7Px9Jf0B2OA\\/200_d.gif","width":"300","height":"200","size":"254318","webp":"http:\\/\\/media1.giphy.com\\/media\\/AY7Px9Jf0B2OA\\/200_d.webp","webp_size":"63572"},"fixed_width":{"url":"http:\\/\\/media1.giphy.com\\/media\\/AY7Px9Jf0B2OA\\/200w.gif","width":"200","height":"133","size":"159014","mp4":"http:\\/\\/media1.giphy.com\\/media\\/AY7Px9Jf0B2OA\\/200w.mp4","mp4_size":"59670","webp":"http:\\/\\/media1.giphy.com\\/media\\/AY7Px9Jf0B2OA\\/200w.webp","webp_size":"303050"},"fixed_width_still":{"url":"http:\\/\\/media1.giphy.com\\/media\\/AY7Px9Jf0B2OA\\/200w_s.gif","width":"200","height":"133"},"fixed_width_downsampled":{"url":"http:\\/\\/media1.giphy.com\\/media\\/AY7Px9Jf0B2OA\\/200w_d.gif","width":"200","height":"133","size":"103894","webp":"http:\\/\\/media1.giphy.com\\/media\\/AY7Px9Jf0B2OA\\/200w_d.webp","webp_size":"34992"},"fixed_height_small":{"url":"http:\\/\\/media1.giphy.com\\/media\\/AY7Px9Jf0B2OA\\/100.gif","width":"150","height":"100","size":"285470","mp4":"http:\\/\\/media1.giphy.com\\/media\\/AY7Px9Jf0B2OA\\/100.mp4","mp4_size":"142897","webp":"http:\\/\\/media1.giphy.com\\/media\\/AY7Px9Jf0B2OA\\/100.webp","webp_size":"143978"},"fixed_height_small_still":{"url":"http:\\/\\/media1.giphy.com\\/media\\/AY7Px9Jf0B2OA\\/100_s.gif","width":"150","height":"100"},"fixed_width_small":{"url":"http:\\/\\/media1.giphy.com\\/media\\/AY7Px9Jf0B2OA\\/100w.gif","width":"100","height":"67","size":"159014","mp4":"http:\\/\\/media1.giphy.com\\/media\\/AY7Px9Jf0B2OA\\/100w.mp4","mp4_size":"83507","webp":"http:\\/\\/media1.giphy.com\\/media\\/AY7Px9Jf0B2OA\\/100w.webp","webp_size":"81420"},"fixed_width_small_still":{"url":"http:\\/\\/media1.giphy.com\\/media\\/AY7Px9Jf0B2OA\\/100w_s.gif","width":"100","height":"67"},"downsized":{"url":"http:\\/\\/media1.giphy.com\\/media\\/AY7Px9Jf0B2OA\\/giphy.gif","width":"300","height":"200","size":"445761"},"downsized_still":{"url":"http:\\/\\/media1.giphy.com\\/media\\/AY7Px9Jf0B2OA\\/giphy_s.gif","width":"300","height":"200"},"downsized_large":{"url":"http:\\/\\/media1.giphy.com\\/media\\/AY7Px9Jf0B2OA\\/giphy.gif","width":"300","height":"200","size":"445761"},"downsized_medium":{"url":"http:\\/\\/media1.giphy.com\\/media\\/AY7Px9Jf0B2OA\\/giphy.gif","width":"300","height":"200","size":"445761"},"original":{"url":"http:\\/\\/media1.giphy.com\\/media\\/AY7Px9Jf0B2OA\\/giphy.gif","width":"300","height":"200","size":"445761","frames":"52","mp4":"http:\\/\\/media1.giphy.com\\/media\\/AY7Px9Jf0B2OA\\/giphy.mp4","mp4_size":"186587","webp":"http:\\/\\/media1.giphy.com\\/media\\/AY7Px9Jf0B2OA\\/giphy.webp","webp_size":"388962"},"original_still":{"url":"http:\\/\\/media1.giphy.com\\/media\\/AY7Px9Jf0B2OA\\/giphy_s.gif","width":"300","height":"200"},"looping":{"mp4":"http:\\/\\/media.giphy.com\\/media\\/AY7Px9Jf0B2OA\\/giphy-loop.mp4"}}}],"meta":{"status":200,"msg":"OK"},"pagination":{"total_count":6064,"count":1,"offset":0}}' },
  '2': '{"data":[{"type":"gif","id":"AY7Px9Jf0B2OA","slug":"retards-AY7Px9Jf0B2OA","url":"http:\\/\\/giphy.com\\/gifs\\/retards-AY7Px9Jf0B2OA","bitly_gif_url":"http:\\/\\/gph.is\\/19RtdBL","bitly_url":"http:\\/\\/gph.is\\/19RtdBL","embed_url":"http:\\/\\/giphy.com\\/embed\\/AY7Px9Jf0B2OA","username":"","source":"http:\\/\\/www.gifbay.com\\/gif\\/more_infomercial_retards-9358\\/","rating":"g","content_url":"","source_tld":"www.gifbay.com","source_post_url":"http:\\/\\/www.gifbay.com\\/gif\\/more_infomercial_retards-9358\\/","import_datetime":"2013-10-14 07:04:41","trending_datetime":"1970-01-01 00:00:00","images":{"fixed_height":{"url":"http:\\/\\/media1.giphy.com\\/media\\/AY7Px9Jf0B2OA\\/200.gif","width":"300","height":"200","size":"285470","mp4":"http:\\/\\/media1.giphy.com\\/media\\/AY7Px9Jf0B2OA\\/200.mp4","mp4_size":"56736","webp":"http:\\/\\/media1.giphy.com\\/media\\/AY7Px9Jf0B2OA\\/200.webp","webp_size":"574528"},"fixed_height_still":{"url":"http:\\/\\/media1.giphy.com\\/media\\/AY7Px9Jf0B2OA\\/200_s.gif","width":"300","height":"200"},"fixed_height_downsampled":{"url":"http:\\/\\/media1.giphy.com\\/media\\/AY7Px9Jf0B2OA\\/200_d.gif","width":"300","height":"200","size":"254318","webp":"http:\\/\\/media1.giphy.com\\/media\\/AY7Px9Jf0B2OA\\/200_d.webp","webp_size":"63572"},"fixed_width":{"url":"http:\\/\\/media1.giphy.com\\/media\\/AY7Px9Jf0B2OA\\/200w.gif","width":"200","height":"133","size":"159014","mp4":"http:\\/\\/media1.giphy.com\\/media\\/AY7Px9Jf0B2OA\\/200w.mp4","mp4_size":"59670","webp":"http:\\/\\/media1.giphy.com\\/media\\/AY7Px9Jf0B2OA\\/200w.webp","webp_size":"303050"},"fixed_width_still":{"url":"http:\\/\\/media1.giphy.com\\/media\\/AY7Px9Jf0B2OA\\/200w_s.gif","width":"200","height":"133"},"fixed_width_downsampled":{"url":"http:\\/\\/media1.giphy.com\\/media\\/AY7Px9Jf0B2OA\\/200w_d.gif","width":"200","height":"133","size":"103894","webp":"http:\\/\\/media1.giphy.com\\/media\\/AY7Px9Jf0B2OA\\/200w_d.webp","webp_size":"34992"},"fixed_height_small":{"url":"http:\\/\\/media1.giphy.com\\/media\\/AY7Px9Jf0B2OA\\/100.gif","width":"150","height":"100","size":"285470","mp4":"http:\\/\\/media1.giphy.com\\/media\\/AY7Px9Jf0B2OA\\/100.mp4","mp4_size":"142897","webp":"http:\\/\\/media1.giphy.com\\/media\\/AY7Px9Jf0B2OA\\/100.webp","webp_size":"143978"},"fixed_height_small_still":{"url":"http:\\/\\/media1.giphy.com\\/media\\/AY7Px9Jf0B2OA\\/100_s.gif","width":"150","height":"100"},"fixed_width_small":{"url":"http:\\/\\/media1.giphy.com\\/media\\/AY7Px9Jf0B2OA\\/100w.gif","width":"100","height":"67","size":"159014","mp4":"http:\\/\\/media1.giphy.com\\/media\\/AY7Px9Jf0B2OA\\/100w.mp4","mp4_size":"83507","webp":"http:\\/\\/media1.giphy.com\\/media\\/AY7Px9Jf0B2OA\\/100w.webp","webp_size":"81420"},"fixed_width_small_still":{"url":"http:\\/\\/media1.giphy.com\\/media\\/AY7Px9Jf0B2OA\\/100w_s.gif","width":"100","height":"67"},"downsized":{"url":"http:\\/\\/media1.giphy.com\\/media\\/AY7Px9Jf0B2OA\\/giphy.gif","width":"300","height":"200","size":"445761"},"downsized_still":{"url":"http:\\/\\/media1.giphy.com\\/media\\/AY7Px9Jf0B2OA\\/giphy_s.gif","width":"300","height":"200"},"downsized_large":{"url":"http:\\/\\/media1.giphy.com\\/media\\/AY7Px9Jf0B2OA\\/giphy.gif","width":"300","height":"200","size":"445761"},"downsized_medium":{"url":"http:\\/\\/media1.giphy.com\\/media\\/AY7Px9Jf0B2OA\\/giphy.gif","width":"300","height":"200","size":"445761"},"original":{"url":"http:\\/\\/media1.giphy.com\\/media\\/AY7Px9Jf0B2OA\\/giphy.gif","width":"300","height":"200","size":"445761","frames":"52","mp4":"http:\\/\\/media1.giphy.com\\/media\\/AY7Px9Jf0B2OA\\/giphy.mp4","mp4_size":"186587","webp":"http:\\/\\/media1.giphy.com\\/media\\/AY7Px9Jf0B2OA\\/giphy.webp","webp_size":"388962"},"original_still":{"url":"http:\\/\\/media1.giphy.com\\/media\\/AY7Px9Jf0B2OA\\/giphy_s.gif","width":"300","height":"200"},"looping":{"mp4":"http:\\/\\/media.giphy.com\\/media\\/AY7Px9Jf0B2OA\\/giphy-loop.mp4"}}}],"meta":{"status":200,"msg":"OK"},"pagination":{"total_count":6064,"count":1,"offset":0}}' }
2016-06-23T09:13:36.267Z - debug:  type=gif, id=AY7Px9Jf0B2OA, slug=retards-AY7Px9Jf0B2OA, url=http://giphy.com/gifs/retards-AY7Px9Jf0B2OA, bitly_gif_url=http://gph.is/19RtdBL, bitly_url=http://gph.is/19RtdBL, embed_url=http://giphy.com/embed/AY7Px9Jf0B2OA, username=, source=http://www.gifbay.com/gif/more_infomercial_retards-9358/, rating=g, content_url=, source_tld=www.gifbay.com, source_post_url=http://www.gifbay.com/gif/more_infomercial_retards-9358/, import_datetime=2013-10-14 07:04:41, trending_datetime=1970-01-01 00:00:00, url=http://media1.giphy.com/media/AY7Px9Jf0B2OA/200.gif, width=300, height=200, size=285470, mp4=http://media1.giphy.com/media/AY7Px9Jf0B2OA/200.mp4, mp4_size=56736, webp=http://media1.giphy.com/media/AY7Px9Jf0B2OA/200.webp, webp_size=574528, url=http://media1.giphy.com/media/AY7Px9Jf0B2OA/200_s.gif, width=300, height=200, url=http://media1.giphy.com/media/AY7Px9Jf0B2OA/200_d.gif, width=300, height=200, size=254318, webp=http://media1.giphy.com/media/AY7Px9Jf0B2OA/200_d.webp, webp_size=63572, url=http://media1.giphy.com/media/AY7Px9Jf0B2OA/200w.gif, width=200, height=133, size=159014, mp4=http://media1.giphy.com/media/AY7Px9Jf0B2OA/200w.mp4, mp4_size=59670, webp=http://media1.giphy.com/media/AY7Px9Jf0B2OA/200w.webp, webp_size=303050, url=http://media1.giphy.com/media/AY7Px9Jf0B2OA/200w_s.gif, width=200, height=133, url=http://media1.giphy.com/media/AY7Px9Jf0B2OA/200w_d.gif, width=200, height=133, size=103894, webp=http://media1.giphy.com/media/AY7Px9Jf0B2OA/200w_d.webp, webp_size=34992, url=http://media1.giphy.com/media/AY7Px9Jf0B2OA/100.gif, width=150, height=100, size=285470, mp4=http://media1.giphy.com/media/AY7Px9Jf0B2OA/100.mp4, mp4_size=142897, webp=http://media1.giphy.com/media/AY7Px9Jf0B2OA/100.webp, webp_size=143978, url=http://media1.giphy.com/media/AY7Px9Jf0B2OA/100_s.gif, width=150, height=100, url=http://media1.giphy.com/media/AY7Px9Jf0B2OA/100w.gif, width=100, height=67, size=159014, mp4=http://media1.giphy.com/media/AY7Px9Jf0B2OA/100w.mp4, mp4_size=83507, webp=http://media1.giphy.com/media/AY7Px9Jf0B2OA/100w.webp, webp_size=81420, url=http://media1.giphy.com/media/AY7Px9Jf0B2OA/100w_s.gif, width=100, height=67, url=http://media1.giphy.com/media/AY7Px9Jf0B2OA/giphy.gif, width=300, height=200, size=445761, url=http://media1.giphy.com/media/AY7Px9Jf0B2OA/giphy_s.gif, width=300, height=200, url=http://media1.giphy.com/media/AY7Px9Jf0B2OA/giphy.gif, width=300, height=200, size=445761, url=http://media1.giphy.com/media/AY7Px9Jf0B2OA/giphy.gif, width=300, height=200, size=445761, url=http://media1.giphy.com/media/AY7Px9Jf0B2OA/giphy.gif, width=300, height=200, size=445761, frames=52, mp4=http://media1.giphy.com/media/AY7Px9Jf0B2OA/giphy.mp4, mp4_size=186587, webp=http://media1.giphy.com/media/AY7Px9Jf0B2OA/giphy.webp, webp_size=388962, url=http://media1.giphy.com/media/AY7Px9Jf0B2OA/giphy_s.gif, width=300, height=200, mp4=http://media.giphy.com/media/AY7Px9Jf0B2OA/giphy-loop.mp4
